[apetron.com/index.html]
[backblue.gif]
[fade.gif]
[index.html]
[apetron.com/og-image0ff5.jpg]
[apetron.com/favicon0ff5.ico]
[apetron.com/apple-touch-icon0ff5.png]
[apetron.com/android-icon-192x1920ff5.png]
[apetron.com/android-icon-512x5120ff5.png]
[apetron.com/favicon-32x320ff5.png]
[apetron.com/favicon-16x160ff5.png]
[apetron.com/_nuxt/c8caa9d.js]
[apetron.com/_nuxt/3b71120.js]
[apetron.com/_nuxt/vendors/app.ce38b02.css]
[apetron.com/_nuxt/b3e0456.js]
[apetron.com/_nuxt/app.280a1fc.css]
[apetron.com/index.html]
[apetron.com/android-icon-192x1920ff5.html]
[apetron.com/android-icon-512x5120ff5.html]
[apetron.com/_nuxt/vendors/app.ce38b02.css]
[apetron.com/_nuxt/1a03308.js]
[apetron.com/_nuxt/fonts/JungleZone.e88e441.ttf]
[apetron.com/_nuxt/40a757f280c5814dd82ee725dd6850f9.svg]
[apetron.com/_nuxt/img/bottom-bg-main.762cc6b.png]
[apetron.com/_nuxt/4d858d35dfce30826c27edcc3ca7366b.svg]
[apetron.com/_nuxt/0af83adc08b3ab135075f9e5015e37ae.svg]
[apetron.com/_nuxt/3150db439b4d53101a49c080ef6e1431.svg]
[apetron.com/_nuxt/0362fc63016161b573ba3c94d0986491.svg]
[apetron.com/_nuxt/29e4d3c100943ac5e15f21ea49971751.svg]
[apetron.com/_nuxt/818ac2b60a816111e408274294faccce.svg]
[apetron.com/_nuxt/img/header-bg-main.d895f0d.png]
[apetron.com/_nuxt/d9b669f908506f5bdab6090c10e16498.svg]
[apetron.com/_nuxt/3d82ca22fba1482a0a148cec3ac5c7e3.svg]
[apetron.com/_nuxt/9db1bcd27eeb097af162a82ec98fa67a.svg]
[apetron.com/_nuxt/c7b92cd759729490a4f03bd0b80b64a6.svg]
[apetron.com/_nuxt/12e5ea680bf281e960b675a2830428b2.svg]
[apetron.com/_nuxt/img/right-middle-tree.58fb626.png]
[apetron.com/_nuxt/cbe63da7394db7862ae4c556638b6fba.svg]
[apetron.com/_nuxt/3123e4a32f912209b4cb4d840042049d.svg]
[apetron.com/_nuxt/37903bebd0e564434c7da03d809d9e74.svg]
[apetron.com/_nuxt/e381df51816e9de6186088c1ccfa33d3.svg]
[apetron.com/_nuxt/d6d972ee14364d7c6d082cbdd7125e3a.svg]
[apetron.com/_nuxt/app.280a1fc.css]
[apetron.com/_nuxt/40a757f280c5814dd82ee725dd6850f9.svg]
[apetron.com/_nuxt/4d858d35dfce30826c27edcc3ca7366b.svg]
[apetron.com/_nuxt/0af83adc08b3ab135075f9e5015e37ae.svg]
[apetron.com/_nuxt/3150db439b4d53101a49c080ef6e1431.svg]
[apetron.com/_nuxt/0362fc63016161b573ba3c94d0986491.svg]
[apetron.com/_nuxt/29e4d3c100943ac5e15f21ea49971751.svg]
[apetron.com/_nuxt/818ac2b60a816111e408274294faccce.svg]
[apetron.com/_nuxt/d9b669f908506f5bdab6090c10e16498.svg]
[apetron.com/_nuxt/3d82ca22fba1482a0a148cec3ac5c7e3.svg]
[apetron.com/_nuxt/9db1bcd27eeb097af162a82ec98fa67a.svg]
[apetron.com/_nuxt/c7b92cd759729490a4f03bd0b80b64a6.svg]
[apetron.com/_nuxt/12e5ea680bf281e960b675a2830428b2.svg]
[apetron.com/_nuxt/cbe63da7394db7862ae4c556638b6fba.svg]
[apetron.com/_nuxt/3123e4a32f912209b4cb4d840042049d.svg]
[apetron.com/_nuxt/37903bebd0e564434c7da03d809d9e74.svg]
[apetron.com/_nuxt/e381df51816e9de6186088c1ccfa33d3.svg]
[apetron.com/_nuxt/d6d972ee14364d7c6d082cbdd7125e3a.svg]
